Построение начато 07.04.2018 17:07:35.
     1>Проект "E:\Учеба\2017-2018(3курс)\C++\2. Классы\ClassTime\ClassTime\ClassTime.vcxproj" в узле 2 (целевые объекты build).
     1>InitializeBuildStatus:
         Создание "Debug\ClassTime.unsuccessfulbuild", так как было задано "AlwaysCreate".
       ClCompile:
         Для всех выходных данных обновления не требуется.
         E:\Program Files\VS10\VC\bin\CL.exe /c /ZI /nologo /W3 /WX- /Od /Oy- /D WIN32 /D _DEBUG /D _CONSOLE /D _UNICODE /D UNICODE /Gm /EHsc /RTC1 /MDd /GS /fp:precise /Zc:wchar_t /Zc:forScope /Yu"StdAfx.h" /Fp"Debug\ClassTime.pch" /Fo"Debug\\" /Fd"Debug\vc100.pdb" /Gd /TP /analyze- /errorReport:prompt ClassTime.cpp
         ClassTime.cpp
     1>e:\учеба\2017-2018(3курс)\c++\2. классы\classtime\classtime\f_helper.h(70): warning C4996: 'itoa': The POSIX name for this item is deprecated. Instead, use the ISO C++ conformant name: _itoa. See online help for details.
                 e:\program files\vs10\vc\include\stdlib.h(867): см. объявление "itoa"
     1>e:\учеба\2017-2018(3курс)\c++\2. классы\classtime\classtime\f_helper.h(76): warning C4018: <: несоответствие типов со знаком и без знака
     1>e:\учеба\2017-2018(3курс)\c++\2. классы\classtime\classtime\f_helper.h(103): warning C4244: =: преобразование "double" в "float", возможна потеря данных
     1>e:\учеба\2017-2018(3курс)\c++\2. классы\classtime\classtime\f_helper.h(171): warning C4244: return: преобразование "double" в "float", возможна потеря данных
     1>e:\учеба\2017-2018(3курс)\c++\2. классы\classtime\classtime\f_helper.h(277): warning C4244: return: преобразование "double" в "float", возможна потеря данных
     1>e:\учеба\2017-2018(3курс)\c++\2. классы\classtime\classtime\f_helper.h(365): warning C4018: <: несоответствие типов со знаком и без знака
     1>e:\учеба\2017-2018(3курс)\c++\2. классы\classtime\classtime\f_helper.h(380): warning C4018: <: несоответствие типов со знаком и без знака
     1>e:\учеба\2017-2018(3курс)\c++\2. классы\classtime\classtime\f_helper.h(385): warning C4553: ==: оператор не имеет результата; возможно, имелся в виду "="
     1>e:\учеба\2017-2018(3курс)\c++\2. классы\classtime\classtime\f_helper.h(399): warning C4018: <: несоответствие типов со знаком и без знака
     1>e:\учеба\2017-2018(3курс)\c++\2. классы\classtime\classtime\f_helper.h(424): warning C4018: <: несоответствие типов со знаком и без знака
     1>e:\учеба\2017-2018(3курс)\c++\2. классы\classtime\classtime\f_helper.h(440): warning C4018: <: несоответствие типов со знаком и без знака
     1>e:\учеба\2017-2018(3курс)\c++\2. классы\classtime\classtime\f_helper.h(531): warning C4018: <: несоответствие типов со знаком и без знака
     1>e:\учеба\2017-2018(3курс)\c++\2. классы\classtime\classtime\f_helper.h(543): warning C4018: <: несоответствие типов со знаком и без знака
     1>e:\учеба\2017-2018(3курс)\c++\2. классы\classtime\classtime\f_helper.h(680): warning C4244: инициализация: преобразование "int" в "float", возможна потеря данных
     1>e:\учеба\2017-2018(3курс)\c++\2. классы\classtime\classtime\f_helper.h(722): warning C4018: <: несоответствие типов со знаком и без знака
     1>e:\учеба\2017-2018(3курс)\c++\2. классы\classtime\classtime\f_helper.h(740): warning C4018: <: несоответствие типов со знаком и без знака
     1>e:\учеба\2017-2018(3курс)\c++\2. классы\classtime\classtime\f_helper.h(758): warning C4018: <: несоответствие типов со знаком и без знака
     1>e:\учеба\2017-2018(3курс)\c++\2. классы\classtime\classtime\f_helper.h(792): warning C4244: +=: преобразование "double" в "int", возможна потеря данных
     1>e:\учеба\2017-2018(3курс)\c++\2. классы\classtime\classtime\f_helper.h(793): warning C4244: *=: преобразование "double" в "int", возможна потеря данных
     1>e:\учеба\2017-2018(3курс)\c++\2. классы\classtime\classtime\f_helper.h(841): warning C4018: <: несоответствие типов со знаком и без знака
     1>e:\учеба\2017-2018(3курс)\c++\2. классы\classtime\classtime\f_helper.h(844): warning C4018: <: несоответствие типов со знаком и без знака
     1>e:\учеба\2017-2018(3курс)\c++\2. классы\classtime\classtime\f_helper.h(861): warning C4018: <: несоответствие типов со знаком и без знака
     1>e:\учеба\2017-2018(3курс)\c++\2. классы\classtime\classtime\timesclass.h(130): warning C4018: <: несоответствие типов со знаком и без знака
     1>e:\учеба\2017-2018(3курс)\c++\2. классы\classtime\classtime\timesclass.h(149): warning C4018: <: несоответствие типов со знаком и без знака
     1>e:\учеба\2017-2018(3курс)\c++\2. классы\classtime\classtime\timesclass.h(219): warning C4018: <: несоответствие типов со знаком и без знака
     1>e:\учеба\2017-2018(3курс)\c++\2. классы\classtime\classtime\timesclass.h(234): warning C4018: <: несоответствие типов со знаком и без знака
     1>e:\учеба\2017-2018(3курс)\c++\2. классы\classtime\classtime\timesclass.h(270): warning C4018: <: несоответствие типов со знаком и без знака
     1>e:\учеба\2017-2018(3курс)\c++\2. классы\classtime\classtime\timesclass.h(278): warning C4018: >: несоответствие типов со знаком и без знака
     1>e:\учеба\2017-2018(3курс)\c++\2. классы\classtime\classtime\timesclass.h(284): warning C4018: >: несоответствие типов со знаком и без знака
     1>e:\учеба\2017-2018(3курс)\c++\2. классы\classtime\classtime\timesclass.h(294): warning C4018: <: несоответствие типов со знаком и без знака
     1>e:\учеба\2017-2018(3курс)\c++\2. классы\classtime\classtime\timesclass.h(325): warning C4018: <: несоответствие типов со знаком и без знака
     1>e:\учеба\2017-2018(3курс)\c++\2. классы\classtime\classtime\timesclass.h(520): warning C4018: <: несоответствие типов со знаком и без знака
     1>e:\учеба\2017-2018(3курс)\c++\2. классы\classtime\classtime\timesclass.h(528): warning C4018: >: несоответствие типов со знаком и без знака
     1>e:\учеба\2017-2018(3курс)\c++\2. классы\classtime\classtime\timesclass.h(534): warning C4018: >: несоответствие типов со знаком и без знака
     1>e:\учеба\2017-2018(3курс)\c++\2. классы\classtime\classtime\timesclass.h(544): warning C4018: <: несоответствие типов со знаком и без знака
     1>e:\учеба\2017-2018(3курс)\c++\2. классы\classtime\classtime\timesclass.h(599): warning C4018: <: несоответствие типов со знаком и без знака
     1>e:\учеба\2017-2018(3курс)\c++\2. классы\classtime\classtime\f_helper.h(154): warning C4700: использована неинициализированная локальная переменная "tmpStr_"
     1>e:\учеба\2017-2018(3курс)\c++\2. классы\classtime\classtime\f_helper.h(675): warning C4715: sysTime: значение возвращается не при всех путях выполнения
       ManifestResourceCompile:
         Для всех выходных данных обновления не требуется.
       Link:
         E:\Program Files\VS10\VC\bin\link.exe /ERRORREPORT:PROMPT /OUT:"E:\Учеба\2017-2018(3курс)\C++\2. Классы\ClassTime\Debug\ClassTime.exe" /INCREMENTAL /NOLOGO kernel32.lib user32.lib gdi32.lib winspool.lib comdlg32.lib advapi32.lib shell32.lib ole32.lib oleaut32.lib uuid.lib odbc32.lib odbccp32.lib /MANIFEST /ManifestFile:"Debug\ClassTime.exe.intermediate.manifest" /MANIFESTUAC:"level='asInvoker' uiAccess='false'" /DEBUG /PDB:"E:\Учеба\2017-2018(3курс)\C++\2. Классы\ClassTime\Debug\ClassTime.pdb" /SUBSYSTEM:CONSOLE /TLBID:1 /DYNAMICBASE /NXCOMPAT /IMPLIB:"E:\Учеба\2017-2018(3курс)\C++\2. Классы\ClassTime\Debug\ClassTime.lib" /MACHINE:X86 Debug\ClassTime.exe.embed.manifest.res
         Debug\ClassTime.obj
         Debug\stdafx.obj
       Manifest:
         C:\Program Files (x86)\Microsoft SDKs\Windows\v7.0A\bin\mt.exe /nologo /verbose /out:"Debug\ClassTime.exe.embed.manifest" /manifest Debug\ClassTime.exe.intermediate.manifest
         Для всех выходных данных обновления не требуется.
       LinkEmbedManifest:
         Для всех выходных данных обновления не требуется.
         ClassTime.vcxproj -> E:\Учеба\2017-2018(3курс)\C++\2. Классы\ClassTime\Debug\ClassTime.exe
       FinalizeBuildStatus:
         Файл "Debug\ClassTime.unsuccessfulbuild" удаляется.
         Обращение к "Debug\ClassTime.lastbuildstate".
     1>Построение проекта "E:\Учеба\2017-2018(3курс)\C++\2. Классы\ClassTime\ClassTime\ClassTime.vcxproj" завершено (целевые объекты build).

Построение успешно завершено.

Затраченное время: 00:00:01.13
